# menu.lst of grub for MagicInstaller.
default=0
timeout=20
fontfile /boot/grub/fonts
#splashimage=/boot/grub/splash.xpm.gz
# yellow
foreground dfcf00
# black
background 000000
title 安装 Magic Linux
	kernel /boot/mivmlinuz root=/dev/ram0 vga=788
	initrd /boot/mirootfs.gz

title 启动 Vista/Win7
    find --set-root /bootmgr
    chainloader /bootmgr

title 启动 Windows 2000/XP
	find --set-root /ntldr
	chainloader /ntldr

title 启动 Windows 9x/Me
	find --set-root /io.sys
	chainloader /io.sys

title Linux 急救模式
	kernel /boot/mivmlinuz root=/dev/ram0 vga=788 rescue
	initrd /boot/mirootfs.gz

title Linux 开发模式
	kernel /boot/mivmlinuz root=/dev/ram0 vga=788 rescue DEVELOP=1
	initrd /boot/mirootfs.gz

